2026-04-07 12:39:20 INFO  TC003_LoginDDT:18 - ....Starting TC002_LoginTest........
2026-04-07 12:39:32 INFO  TC003_LoginDDT:18 - ....Starting TC002_LoginTest........
2026-04-07 12:39:44 INFO  TC003_LoginDDT:18 - ....Starting TC002_LoginTest........
2026-04-07 12:39:55 INFO  TC003_LoginDDT:18 - ....Starting TC002_LoginTest........
2026-04-07 12:40:06 INFO  TC003_LoginDDT:18 - ....Starting TC002_LoginTest........
2026-04-08 10:44:35 INFO  Utils:112 - [TestNG] Running:
  C:\Users\sowmy\Documents\Selenium\OpencartV121\grouping.xml

2026-04-08 10:44:42 INFO  TC001_AccountRegistrationTest:26 - **** Starting TC001_AccountRegistrationTest 
2026-04-08 10:44:42 INFO  TC001_AccountRegistrationTest:32 - Clicked on MyAccount link....
2026-04-08 10:44:43 INFO  TC001_AccountRegistrationTest:34 - Clicked on Register
2026-04-08 10:44:43 INFO  TC001_AccountRegistrationTest:38 - Providing customer details...
2026-04-08 10:44:45 INFO  TC001_AccountRegistrationTest:50 - Validating confirmation message
2026-04-08 10:44:48 INFO  TC002_LoginTest:16 - ....Starting TC002_LoginTest........
2026-04-08 11:45:53 INFO  Utils:112 - [TestNG] Running:
  C:\Users\sowmy\Documents\Selenium\OpencartV121\grouping.xml

2026-04-08 11:45:59 INFO  TC001_AccountRegistrationTest:26 - **** Starting TC001_AccountRegistrationTest 
2026-04-08 11:45:59 INFO  TC001_AccountRegistrationTest:32 - Clicked on MyAccount link....
2026-04-08 11:46:01 INFO  TC001_AccountRegistrationTest:34 - Clicked on Register
2026-04-08 11:46:01 INFO  TC001_AccountRegistrationTest:38 - Providing customer details...
2026-04-08 11:46:03 INFO  TC001_AccountRegistrationTest:50 - Validating confirmation message
2026-04-08 11:46:06 INFO  TC002_LoginTest:16 - ....Starting TC002_LoginTest........
2026-04-08 11:48:19 INFO  Utils:112 - [TestNG] Running:
  C:\Users\sowmy\Documents\Selenium\OpencartV121\grouping.xml

2026-04-08 11:48:23 INFO  TC001_AccountRegistrationTest:26 - **** Starting TC001_AccountRegistrationTest 
2026-04-08 11:48:23 INFO  TC001_AccountRegistrationTest:32 - Clicked on MyAccount link....
2026-04-08 11:48:24 INFO  TC001_AccountRegistrationTest:34 - Clicked on Register
2026-04-08 11:48:24 INFO  TC001_AccountRegistrationTest:38 - Providing customer details...
2026-04-08 11:48:26 INFO  TC001_AccountRegistrationTest:50 - Validating confirmation message
2026-04-08 11:48:30 INFO  TC002_LoginTest:16 - ....Starting TC002_LoginTest........
2026-04-08 11:56:29 INFO  Utils:112 - [TestNG] Running:
  C:\Users\sowmy\Documents\Selenium\OpencartV121\master.xml

2026-04-08 11:56:32 INFO  TC001_AccountRegistrationTest:26 - **** Starting TC001_AccountRegistrationTest 
2026-04-08 11:56:32 INFO  TC001_AccountRegistrationTest:32 - Clicked on MyAccount link....
2026-04-08 11:56:33 INFO  TC001_AccountRegistrationTest:34 - Clicked on Register
2026-04-08 11:56:33 INFO  TC001_AccountRegistrationTest:38 - Providing customer details...
2026-04-08 11:56:35 INFO  TC001_AccountRegistrationTest:50 - Validating confirmation message
2026-04-08 11:56:38 INFO  TC002_LoginTest:16 - ....Starting TC002_LoginTest........
2026-04-08 11:58:09 INFO  Utils:112 - [TestNG] Running:
  C:\Users\sowmy\Documents\Selenium\OpencartV121\test-output\testng-failed.xml

2026-04-08 11:58:14 INFO  TC002_LoginTest:16 - ....Starting TC002_LoginTest........
2026-04-09 11:37:25 INFO  Utils:112 - [TestNG] Running:
  C:\Users\sowmy\Documents\Selenium\OpencartV121\master.xml

2026-04-09 11:37:29 INFO  TC001_AccountRegistrationTest:26 - **** Starting TC001_AccountRegistrationTest 
2026-04-09 11:37:29 INFO  TC001_AccountRegistrationTest:32 - Clicked on MyAccount link....
2026-04-09 11:37:30 INFO  TC001_AccountRegistrationTest:34 - Clicked on Register
2026-04-09 11:37:30 INFO  TC001_AccountRegistrationTest:38 - Providing customer details...
2026-04-09 11:37:32 INFO  TC001_AccountRegistrationTest:50 - Validating confirmation message
2026-04-09 11:37:36 INFO  TC002_LoginTest:16 - ....Starting TC002_LoginTest........
